Using pre-set license
Built from '2020.2/release' branch; Version is '2020.2.1f1 (270dd8c3da1c) revision 2559448'; Using compiler version '192528614'; Build Type 'Release'
OS: 'Windows 10  (10.0.0) 64bit' Language: 'en' Physical Memory: 8174 MB
BatchMode: 1, IsHumanControllingUs: 0, StartBugReporterOnCrash: 0, Is64bit: 1, IsPro: 0

 COMMAND LINE ARGUMENTS:
C:\Program Files\Unity\Hub\Editor\2020.2.1f1\Editor\Unity.exe
-adb2
-batchMode
-noUpm
-name
AssetImportWorker0
-projectPath
D:/Github/CART315Projects/Prototype_1
-logFile
Logs/AssetImportWorker0.log
-srvPort
57851
Successfully changed project path to: D:/Github/CART315Projects/Prototype_1
D:/Github/CART315Projects/Prototype_1
Using Asset Import Pipeline V2.
Refreshing native plugins compatible for Editor in 43.25 ms, found 0 plugins.
Preloading 0 native plugins for Editor in 0.00 ms.
Initialize engine version: 2020.2.1f1 (270dd8c3da1c)
[Subsystems] Discovering subsystems at path C:/Program Files/Unity/Hub/Editor/2020.2.1f1/Editor/Data/Resources/UnitySubsystems
[Subsystems] Discovering subsystems at path D:/Github/CART315Projects/Prototype_1/Assets
GfxDevice: creating device client; threaded=0
Direct3D:
    Version:  Direct3D 11.0 [level 11.1]
    Renderer: NVIDIA GeForce GTX 970 (ID=0x13c2)
    Vendor:   
    VRAM:     4043 MB
    Driver:   27.21.14.5671
Initialize mono
Mono path[0] = 'C:/Program Files/Unity/Hub/Editor/2020.2.1f1/Editor/Data/Managed'
Mono path[1] = 'C:/Program Files/Unity/Hub/Editor/2020.2.1f1/Editor/Data/MonoBleedingEdge/lib/mono/unityjit'
Mono config path = 'C:/Program Files/Unity/Hub/Editor/2020.2.1f1/Editor/Data/MonoBleedingEdge/etc'
Using monoOptions --debugger-agent=transport=dt_socket,embedding=1,server=y,suspend=n,address=127.0.0.1:56220
Begin MonoManager ReloadAssembly
Registering precompiled unity dll's ...
Register platform support module: C:/Program Files/Unity/Hub/Editor/2020.2.1f1/Editor/Data/PlaybackEngines/WindowsStandaloneSupport/UnityEditor.WindowsStandalone.Extensions.dll
Registered in 0.002195 seconds.
Native extension for WindowsStandalone target not found
Refreshing native plugins compatible for Editor in 43.44 ms, found 0 plugins.
Preloading 0 native plugins for Editor in 0.00 ms.
Invoked RoslynAnalysisRunner static constructor.
RoslynAnalysisRunner will not be running.
RoslynAnalysisRunner has terminated.
Mono: successfully reloaded assembly
- Completed reload, in  1.364 seconds
Platform modules already initialized, skipping
Registering precompiled user dll's ...
Registered in 0.000756 seconds.
Begin MonoManager ReloadAssembly
Native extension for WindowsStandalone target not found
Refreshing native plugins compatible for Editor in 0.46 ms, found 0 plugins.
Preloading 0 native plugins for Editor in 0.00 ms.
Invoked RoslynAnalysisRunner static constructor.
RoslynAnalysisRunner will not be running.
RoslynAnalysisRunner has terminated.
Mono: successfully reloaded assembly
- Completed reload, in  1.253 seconds
Platform modules already initialized, skipping
========================================================================
Worker process is ready to serve import requests
Launched and connected shader compiler UnityShaderCompiler.exe after 0.06 seconds
Refreshing native plugins compatible for Editor in 0.39 ms, found 0 plugins.
Preloading 0 native plugins for Editor in 0.00 ms.
Unloading 1627 Unused Serialized files (Serialized files now loaded: 0)
System memory in use before: 86.0 MB.
System memory in use after: 86.1 MB.

Unloading 101 unused Assets to reduce memory usage. Loaded Objects now: 2079.
Total: 2.829900 ms (FindLiveObjects: 0.195500 ms CreateObjectMapping: 0.070300 ms MarkObjects: 2.264500 ms  DeleteObjects: 0.297600 ms)

========================================================================
Received Import Request.
  path: Assets/Materials/Dark Blue.mat
  artifactKey: Guid(1db6c9a0bfe9e9d45b8112cdd40c1299) Importer(815301076,1909f56bfc062723c751e8b465ee728b)
Start importing Assets/Materials/Dark Blue.mat using Guid(1db6c9a0bfe9e9d45b8112cdd40c1299) Importer(815301076,1909f56bfc062723c751e8b465ee728b)  -> (artifact id: '0b8c7578d882b1baf8389ca1e61e56e7') in 0.154429 seconds
  Import took 0.158284 seconds .

========================================================================
Received Import Request.
  Time since last request: 37.887899 seconds.
  path: Assets/Materials/images/Materials/4f9849a56bb3f79e2b00000b.mat
  artifactKey: Guid(3d3cf4733a111744292dd38356c4a106) Importer(815301076,1909f56bfc062723c751e8b465ee728b)
Start importing Assets/Materials/images/Materials/4f9849a56bb3f79e2b00000b.mat using Guid(3d3cf4733a111744292dd38356c4a106) Importer(815301076,1909f56bfc062723c751e8b465ee728b)  -> (artifact id: '1311fe4f45f8eb52e656445bab801dd5') in 0.020736 seconds
  Import took 0.024427 seconds .

========================================================================
Received Import Request.
  Time since last request: 0.000289 seconds.
  path: Assets/Materials/images/Materials/4f98276becad040e6e00002f.mat
  artifactKey: Guid(461e0c60b039c944d833be8975aa4186) Importer(815301076,1909f56bfc062723c751e8b465ee728b)
Start importing Assets/Materials/images/Materials/4f98276becad040e6e00002f.mat using Guid(461e0c60b039c944d833be8975aa4186) Importer(815301076,1909f56bfc062723c751e8b465ee728b)  -> (artifact id: '876e9e1e15a3d37ea4db84439d5c1832') in 0.020521 seconds
  Import took 0.024001 seconds .

========================================================================
Received Import Request.
  Time since last request: 0.000252 seconds.
  path: Assets/Materials/images/Materials/Russian-Hammer-And-Sickle-Symbol.mat
  artifactKey: Guid(787d3dc751fb81446adb761cb6a94a48) Importer(815301076,1909f56bfc062723c751e8b465ee728b)
Start importing Assets/Materials/images/Materials/Russian-Hammer-And-Sickle-Symbol.mat using Guid(787d3dc751fb81446adb761cb6a94a48) Importer(815301076,1909f56bfc062723c751e8b465ee728b)  -> (artifact id: '38eb3354e0382132f2c20fd49b9f052f') in 0.018495 seconds
  Import took 0.022155 seconds .

========================================================================
Received Import Request.
  Time since last request: 0.000244 seconds.
  path: Assets/Materials/images/Materials/Sovietspaceposters-3.mat
  artifactKey: Guid(e12a67e1f62171b4f99266b16f3d5dd5) Importer(815301076,1909f56bfc062723c751e8b465ee728b)
Start importing Assets/Materials/images/Materials/Sovietspaceposters-3.mat using Guid(e12a67e1f62171b4f99266b16f3d5dd5) Importer(815301076,1909f56bfc062723c751e8b465ee728b)  -> (artifact id: 'fb42c43fdae2ea7e63d8defd904cd8d1') in 0.023360 seconds
  Import took 0.026567 seconds .

========================================================================
Received Import Request.
  Time since last request: 0.000240 seconds.
  path: Assets/Materials/images/Materials/soviet-space-program-propaganda-poster-17.mat
  artifactKey: Guid(044a02e3ca78e60478b0fcceeeb202cd) Importer(815301076,1909f56bfc062723c751e8b465ee728b)
Start importing Assets/Materials/images/Materials/soviet-space-program-propaganda-poster-17.mat using Guid(044a02e3ca78e60478b0fcceeeb202cd) Importer(815301076,1909f56bfc062723c751e8b465ee728b)  -> (artifact id: '032144cf8d93a2faa30bd8935fdc9786') in 0.087690 seconds
  Import took 0.090791 seconds .

========================================================================
Received Import Request.
  Time since last request: 0.000225 seconds.
  path: Assets/Materials/images/Materials/ac6f625116a3b7385723897142b968db.mat
  artifactKey: Guid(a4233f65629137a4cb7db73e790c1cb3) Importer(815301076,1909f56bfc062723c751e8b465ee728b)
Start importing Assets/Materials/images/Materials/ac6f625116a3b7385723897142b968db.mat using Guid(a4233f65629137a4cb7db73e790c1cb3) Importer(815301076,1909f56bfc062723c751e8b465ee728b)  -> (artifact id: '62c449c20e19255738abbc132e0ddd27') in 0.019099 seconds
  Import took 0.023089 seconds .

========================================================================
Received Prepare
Registering precompiled user dll's ...
Registered in 0.000872 seconds.
Begin MonoManager ReloadAssembly
Native extension for WindowsStandalone target not found
Refreshing native plugins compatible for Editor in 0.42 ms, found 0 plugins.
Preloading 0 native plugins for Editor in 0.00 ms.
Warning: Annotation not found!
UnityEngine.StackTraceUtility:ExtractStackTrace ()
UnityEditor.ProBuilder.EditorUtility:SetGizmoIconEnabled (System.Type,bool) (at Library/PackageCache/com.unity.probuilder@4.4.0/Editor/EditorCore/EditorUtility.cs:593)
UnityEditor.ProBuilder.HierarchyListener:.cctor () (at Library/PackageCache/com.unity.probuilder@4.4.0/Editor/EditorCore/HierarchyListener.cs:21)
System.Runtime.CompilerServices.RuntimeHelpers:RunClassConstructor (System.RuntimeTypeHandle)
UnityEditor.EditorAssemblies:ProcessInitializeOnLoadAttributes (System.Type[])

[Library/PackageCache/com.unity.probuilder@4.4.0/Editor/EditorCore/EditorUtility.cs line 593]

Invoked RoslynAnalysisRunner static constructor.
RoslynAnalysisRunner will not be running.
RoslynAnalysisRunner has terminated.
Mono: successfully reloaded assembly
- Completed reload, in  1.068 seconds
Platform modules already initialized, skipping
Refreshing native plugins compatible for Editor in 0.41 ms, found 0 plugins.
Preloading 0 native plugins for Editor in 0.00 ms.
Unloading 1578 Unused Serialized files (Serialized files now loaded: 0)
System memory in use before: 86.0 MB.
System memory in use after: 86.1 MB.

Unloading 6 unused Assets to reduce memory usage. Loaded Objects now: 2122.
Total: 2.517900 ms (FindLiveObjects: 0.218600 ms CreateObjectMapping: 0.069400 ms MarkObjects: 2.096700 ms  DeleteObjects: 0.132000 ms)

========================================================================
Received Prepare
Registering precompiled user dll's ...
Registered in 0.001179 seconds.
Begin MonoManager ReloadAssembly
Native extension for WindowsStandalone target not found
Refreshing native plugins compatible for Editor in 0.40 ms, found 0 plugins.
Preloading 0 native plugins for Editor in 0.00 ms.
Warning: Annotation not found!
UnityEngine.StackTraceUtility:ExtractStackTrace ()
UnityEditor.ProBuilder.EditorUtility:SetGizmoIconEnabled (System.Type,bool) (at Library/PackageCache/com.unity.probuilder@4.4.0/Editor/EditorCore/EditorUtility.cs:593)
UnityEditor.ProBuilder.HierarchyListener:.cctor () (at Library/PackageCache/com.unity.probuilder@4.4.0/Editor/EditorCore/HierarchyListener.cs:21)
System.Runtime.CompilerServices.RuntimeHelpers:RunClassConstructor (System.RuntimeTypeHandle)
UnityEditor.EditorAssemblies:ProcessInitializeOnLoadAttributes (System.Type[])

[Library/PackageCache/com.unity.probuilder@4.4.0/Editor/EditorCore/EditorUtility.cs line 593]

Invoked RoslynAnalysisRunner static constructor.
RoslynAnalysisRunner will not be running.
RoslynAnalysisRunner has terminated.
Mono: successfully reloaded assembly
- Completed reload, in  1.118 seconds
Platform modules already initialized, skipping
Refreshing native plugins compatible for Editor in 0.42 ms, found 0 plugins.
Preloading 0 native plugins for Editor in 0.00 ms.
Unloading 1577 Unused Serialized files (Serialized files now loaded: 0)
System memory in use before: 87.0 MB.
System memory in use after: 87.1 MB.

Unloading 6 unused Assets to reduce memory usage. Loaded Objects now: 2124.
Total: 2.766400 ms (FindLiveObjects: 0.231900 ms CreateObjectMapping: 0.061100 ms MarkObjects: 2.329300 ms  DeleteObjects: 0.142900 ms)

========================================================================
Received Prepare
Registering precompiled user dll's ...
Registered in 0.000798 seconds.
Begin MonoManager ReloadAssembly
Native extension for WindowsStandalone target not found
Refreshing native plugins compatible for Editor in 0.46 ms, found 0 plugins.
Preloading 0 native plugins for Editor in 0.00 ms.
Warning: Annotation not found!
UnityEngine.StackTraceUtility:ExtractStackTrace ()
UnityEditor.ProBuilder.EditorUtility:SetGizmoIconEnabled (System.Type,bool) (at Library/PackageCache/com.unity.probuilder@4.4.0/Editor/EditorCore/EditorUtility.cs:593)
UnityEditor.ProBuilder.HierarchyListener:.cctor () (at Library/PackageCache/com.unity.probuilder@4.4.0/Editor/EditorCore/HierarchyListener.cs:21)
System.Runtime.CompilerServices.RuntimeHelpers:RunClassConstructor (System.RuntimeTypeHandle)
UnityEditor.EditorAssemblies:ProcessInitializeOnLoadAttributes (System.Type[])

[Library/PackageCache/com.unity.probuilder@4.4.0/Editor/EditorCore/EditorUtility.cs line 593]

Invoked RoslynAnalysisRunner static constructor.
RoslynAnalysisRunner will not be running.
RoslynAnalysisRunner has terminated.
Mono: successfully reloaded assembly
- Completed reload, in  1.148 seconds
Platform modules already initialized, skipping
Refreshing native plugins compatible for Editor in 0.46 ms, found 0 plugins.
Preloading 0 native plugins for Editor in 0.00 ms.
Unloading 1577 Unused Serialized files (Serialized files now loaded: 0)
System memory in use before: 86.9 MB.
System memory in use after: 87.0 MB.

Unloading 6 unused Assets to reduce memory usage. Loaded Objects now: 2126.
Total: 2.949300 ms (FindLiveObjects: 0.229700 ms CreateObjectMapping: 0.091100 ms MarkObjects: 2.472700 ms  DeleteObjects: 0.153700 ms)

AssetImportWorkerClient::OnTransportError - code=2 error=End of file
